<?xml version="1.0" encoding="utf-8"?><testsuites><testsuite name="pytest" errors="0" failures="0" skipped="0" tests="3" time="44.490" timestamp="2025-01-26T21:30:28.813017+05:30" hostname="Gowtham-M"><testcase classname="test_e2etesting.TestOne" name="test_e2etesting" time="28.083" /><testcase classname="test_submitForm.TestTwo" name="test_submitForm[getdata0]" time="12.576" /><testcase classname="test_submitForm.TestTwo" name="test_submitForm[getdata1]" time="3.738" /></testsuite></testsuites>